# JRE version: OpenJDK Runtime Environment (Zulu 8.68.0.21-CA-win64) (8.0_362-b09) (build 1.8.0_362-b09)
# Java VM: OpenJDK 64-Bit Server VM (25.362-b09 mixed mode windows-amd64 compressed oops)
Heap:
 PSYoungGen      total 133120K, used 104926K [0x00000000d5580000, 0x00000000de300000, 0x0000000100000000)
  eden space 124928K, 81% used [0x00000000d5580000,0x00000000db915550,0x00000000dcf80000)
  from space 8192K, 36% used [0x00000000dcf80000,0x00000000dd2626a8,0x00000000dd780000)
  to   space 8192K, 0% used [0x00000000ddb00000,0x00000000ddb00000,0x00000000de300000)
 ParOldGen       total 59904K, used 9835K [0x0000000080000000, 0x0000000083a80000, 0x00000000d5580000)
  object space 59904K, 16% used [0x0000000080000000,0x000000008099afd0,0x0000000083a80000)
 Metaspace       used 26048K, capacity 26380K, committed 26752K, reserved 1073152K
  class space    used 2975K, capacity 3121K, committed 3200K, reserved 1048576K
GC Heap History (10 events):
Event: 4.587 GC heap before
{Heap before GC invocations=6 (full 0):
 PSYoungGen      total 38400K, used 38395K [0x00000000d5580000, 0x00000000da380000, 0x0000000100000000)
  eden space 33280K, 100% used [0x00000000d5580000,0x00000000d7600000,0x00000000d7600000)
  from space 5120K, 99% used [0x00000000d7600000,0x00000000d7afeef0,0x00000000d7b00000)
  to   space 6656K, 0% used [0x00000000d9d00000,0x00000000d9d00000,0x00000000da380000)
 ParOldGen       total 87552K, used 1720K [0x0000000080000000, 0x0000000085580000, 0x00000000d5580000)
  object space 87552K, 1% used [0x0000000080000000,0x00000000801ae2b0,0x0000000085580000)
 Metaspace       used 17409K, capacity 17606K, committed 17920K, reserved 1064960K
  class space    used 1857K, capacity 1953K, committed 2048K, reserved 1048576K
Event: 4.595 GC heap after
Heap after GC invocations=6 (full 0):
 PSYoungGen      total 72192K, used 6648K [0x00000000d5580000, 0x00000000da580000, 0x0000000100000000)
  eden space 65536K, 0% used [0x00000000d5580000,0x00000000d5580000,0x00000000d9580000)
  from space 6656K, 99% used [0x00000000d9d00000,0x00000000da37e168,0x00000000da380000)
  to   space 7680K, 0% used [0x00000000d9580000,0x00000000d9580000,0x00000000d9d00000)
 ParOldGen       total 87552K, used 2100K [0x0000000080000000, 0x0000000085580000, 0x00000000d5580000)
  object space 87552K, 2% used [0x0000000080000000,0x000000008020d1b8,0x0000000085580000)
 Metaspace       used 17409K, capacity 17606K, committed 17920K, reserved 1064960K
  class space    used 1857K, capacity 1953K, committed 2048K, reserved 1048576K
}
Event: 5.652 GC heap before
{Heap before GC invocations=7 (full 0):
 PSYoungGen      total 72192K, used 69368K [0x00000000d5580000, 0x00000000da580000, 0x0000000100000000)
  eden space 65536K, 95% used [0x00000000d5580000,0x00000000d92c0000,0x00000000d9580000)
  from space 6656K, 99% used [0x00000000d9d00000,0x00000000da37e168,0x00000000da380000)
  to   space 7680K, 0% used [0x00000000d9580000,0x00000000d9580000,0x00000000d9d00000)
 ParOldGen       total 87552K, used 2100K [0x0000000080000000, 0x0000000085580000, 0x00000000d5580000)
  object space 87552K, 2% used [0x0000000080000000,0x000000008020d1b8,0x0000000085580000)
 Metaspace       used 20826K, capacity 21092K, committed 21296K, reserved 1069056K
  class space    used 2301K, capacity 2432K, committed 2432K, reserved 1048576K
Event: 5.673 GC heap after
Heap after GC invocations=7 (full 0):
 PSYoungGen      total 73216K, used 6052K [0x00000000d5580000, 0x00000000de480000, 0x0000000100000000)
  eden space 65536K, 0% used [0x00000000d5580000,0x00000000d5580000,0x00000000d9580000)
  from space 7680K, 78% used [0x00000000d9580000,0x00000000d9b69168,0x00000000d9d00000)
  to   space 7680K, 0% used [0x00000000ddd00000,0x00000000ddd00000,0x00000000de480000)
 ParOldGen       total 87552K, used 5321K [0x0000000080000000, 0x0000000085580000, 0x00000000d5580000)
  object space 87552K, 6% used [0x0000000080000000,0x00000000805326c8,0x0000000085580000)
 Metaspace       used 20826K, capacity 21092K, committed 21296K, reserved 1069056K
  class space    used 2301K, capacity 2432K, committed 2432K, reserved 1048576K
}
Event: 5.673 GC heap before
{Heap before GC invocations=8 (full 1):
 PSYoungGen      total 73216K, used 6052K [0x00000000d5580000, 0x00000000de480000, 0x0000000100000000)
  eden space 65536K, 0% used [0x00000000d5580000,0x00000000d5580000,0x00000000d9580000)
  from space 7680K, 78% used [0x00000000d9580000,0x00000000d9b69168,0x00000000d9d00000)
  to   space 7680K, 0% used [0x00000000ddd00000,0x00000000ddd00000,0x00000000de480000)
 ParOldGen       total 87552K, used 5321K [0x0000000080000000, 0x0000000085580000, 0x00000000d5580000)
  object space 87552K, 6% used [0x0000000080000000,0x00000000805326c8,0x0000000085580000)
 Metaspace       used 20826K, capacity 21092K, committed 21296K, reserved 1069056K
  class space    used 2301K, capacity 2432K, committed 2432K, reserved 1048576K
Event: 5.726 GC heap after
Heap after GC invocations=8 (full 1):
 PSYoungGen      total 73216K, used 0K [0x00000000d5580000, 0x00000000de480000, 0x0000000100000000)
  eden space 65536K, 0% used [0x00000000d5580000,0x00000000d5580000,0x00000000d9580000)
  from space 7680K, 0% used [0x00000000d9580000,0x00000000d9580000,0x00000000d9d00000)
  to   space 7680K, 0% used [0x00000000ddd00000,0x00000000ddd00000,0x00000000de480000)
 ParOldGen       total 59904K, used 9827K [0x0000000080000000, 0x0000000083a80000, 0x00000000d5580000)
  object space 59904K, 16% used [0x0000000080000000,0x0000000080998fd0,0x0000000083a80000)
 Metaspace       used 20826K, capacity 21092K, committed 21296K, reserved 1069056K
  class space    used 2301K, capacity 2432K, committed 2432K, reserved 1048576K
}
Event: 6.656 GC heap before
{Heap before GC invocations=9 (full 1):
 PSYoungGen      total 73216K, used 65536K [0x00000000d5580000, 0x00000000de480000, 0x0000000100000000)
  eden space 65536K, 100% used [0x00000000d5580000,0x00000000d9580000,0x00000000d9580000)
  from space 7680K, 0% used [0x00000000d9580000,0x00000000d9580000,0x00000000d9d00000)
  to   space 7680K, 0% used [0x00000000ddd00000,0x00000000ddd00000,0x00000000de480000)
 ParOldGen       total 59904K, used 9827K [0x0000000080000000, 0x0000000083a80000, 0x00000000d5580000)
  object space 59904K, 16% used [0x0000000080000000,0x0000000080998fd0,0x0000000083a80000)
 Metaspace       used 22467K, capacity 22764K, committed 23088K, reserved 1069056K
  class space    used 2494K, capacity 2646K, committed 2688K, reserved 1048576K
Event: 6.659 GC heap after
Heap after GC invocations=9 (full 1):
 PSYoungGen      total 102400K, used 2090K [0x00000000d5580000, 0x00000000ddf80000, 0x0000000100000000)
  eden space 99840K, 0% used [0x00000000d5580000,0x00000000d5580000,0x00000000db700000)
  from space 2560K, 81% used [0x00000000ddd00000,0x00000000ddf0aac8,0x00000000ddf80000)
  to   space 8192K, 0% used [0x00000000dcf80000,0x00000000dcf80000,0x00000000dd780000)
 ParOldGen       total 59904K, used 9835K [0x0000000080000000, 0x0000000083a80000, 0x00000000d5580000)
  object space 59904K, 16% used [0x0000000080000000,0x000000008099afd0,0x0000000083a80000)
 Metaspace       used 22467K, capacity 22764K, committed 23088K, reserved 1069056K
  class space    used 2494K, capacity 2646K, committed 2688K, reserved 1048576K
}
Event: 7.860 GC heap before
{Heap before GC invocations=10 (full 1):
 PSYoungGen      total 102400K, used 101930K [0x00000000d5580000, 0x00000000ddf80000, 0x0000000100000000)
  eden space 99840K, 100% used [0x00000000d5580000,0x00000000db700000,0x00000000db700000)
  from space 2560K, 81% used [0x00000000ddd00000,0x00000000ddf0aac8,0x00000000ddf80000)
  to   space 8192K, 0% used [0x00000000dcf80000,0x00000000dcf80000,0x00000000dd780000)
 ParOldGen       total 59904K, used 9835K [0x0000000080000000, 0x0000000083a80000, 0x00000000d5580000)
  object space 59904K, 16% used [0x0000000080000000,0x000000008099afd0,0x0000000083a80000)
 Metaspace       used 23065K, capacity 23418K, committed 23808K, reserved 1071104K
  class space    used 2528K, capacity 2690K, committed 2816K, reserved 1048576K
Event: 7.864 GC heap after
Heap after GC invocations=10 (full 1):
 PSYoungGen      total 133120K, used 2953K [0x00000000d5580000, 0x00000000de300000, 0x0000000100000000)
  eden space 124928K, 0% used [0x00000000d5580000,0x00000000d5580000,0x00000000dcf80000)
  from space 8192K, 36% used [0x00000000dcf80000,0x00000000dd2626a8,0x00000000dd780000)
  to   space 8192K, 0% used [0x00000000ddb00000,0x00000000ddb00000,0x00000000de300000)
 ParOldGen       total 59904K, used 9835K [0x0000000080000000, 0x0000000083a80000, 0x00000000d5580000)
  object space 59904K, 16% used [0x0000000080000000,0x000000008099afd0,0x0000000083a80000)
 Metaspace       used 23065K, capacity 23418K, committed 23808K, reserved 1071104K
  class space    used 2528K, capacity 2690K, committed 2816K, reserved 1048576K
}

