# JRE version: OpenJDK Runtime Environment (Zulu 8.68.0.21-CA-win64) (8.0_362-b09) (build 1.8.0_362-b09)
# Java VM: OpenJDK 64-Bit Server VM (25.362-b09 mixed mode windows-amd64 compressed oops)
Heap:
 PSYoungGen      total 81408K, used 59722K [0x00000000d5580000, 0x00000000dad00000, 0x0000000100000000)
  eden space 73216K, 76% used [0x00000000d5580000,0x00000000d8c831a8,0x00000000d9d00000)
  from space 8192K, 41% used [0x00000000da480000,0x00000000da7cf970,0x00000000dac80000)
  to   space 7680K, 0% used [0x00000000d9d00000,0x00000000d9d00000,0x00000000da480000)
 ParOldGen       total 58368K, used 13846K [0x0000000080000000, 0x0000000083900000, 0x00000000d5580000)
  object space 58368K, 23% used [0x0000000080000000,0x0000000080d85808,0x0000000083900000)
 Metaspace       used 30499K, capacity 31332K, committed 31616K, reserved 1077248K
  class space    used 3606K, capacity 3859K, committed 3968K, reserved 1048576K
GC Heap History (10 events):
Event: 6.819 GC heap before
{Heap before GC invocations=11 (full 1):
 PSYoungGen      total 38912K, used 32256K [0x00000000d5580000, 0x00000000d8e80000, 0x0000000100000000)
  eden space 31744K, 100% used [0x00000000d5580000,0x00000000d7480000,0x00000000d7480000)
  from space 7168K, 7% used [0x00000000d7480000,0x00000000d7500000,0x00000000d7b80000)
  to   space 8192K, 0% used [0x00000000d8680000,0x00000000d8680000,0x00000000d8e80000)
 ParOldGen       total 58368K, used 8431K [0x0000000080000000, 0x0000000083900000, 0x00000000d5580000)
  object space 58368K, 14% used [0x0000000080000000,0x000000008083bc68,0x0000000083900000)
 Metaspace       used 22477K, capacity 22828K, committed 23088K, reserved 1069056K
  class space    used 2493K, capacity 2646K, committed 2688K, reserved 1048576K
Event: 6.822 GC heap after
Heap after GC invocations=11 (full 1):
 PSYoungGen      total 49152K, used 1866K [0x00000000d5580000, 0x00000000d8e00000, 0x0000000100000000)
  eden space 41472K, 0% used [0x00000000d5580000,0x00000000d5580000,0x00000000d7e00000)
  from space 7680K, 24% used [0x00000000d8680000,0x00000000d8852ab0,0x00000000d8e00000)
  to   space 8192K, 0% used [0x00000000d7e00000,0x00000000d7e00000,0x00000000d8600000)
 ParOldGen       total 58368K, used 8439K [0x0000000080000000, 0x0000000083900000, 0x00000000d5580000)
  object space 58368K, 14% used [0x0000000080000000,0x000000008083dc68,0x0000000083900000)
 Metaspace       used 22477K, capacity 22828K, committed 23088K, reserved 1069056K
  class space    used 2493K, capacity 2646K, committed 2688K, reserved 1048576K
}
Event: 7.429 GC heap before
{Heap before GC invocations=12 (full 1):
 PSYoungGen      total 49152K, used 43338K [0x00000000d5580000, 0x00000000d8e00000, 0x0000000100000000)
  eden space 41472K, 100% used [0x00000000d5580000,0x00000000d7e00000,0x00000000d7e00000)
  from space 7680K, 24% used [0x00000000d8680000,0x00000000d8852ab0,0x00000000d8e00000)
  to   space 8192K, 0% used [0x00000000d7e00000,0x00000000d7e00000,0x00000000d8600000)
 ParOldGen       total 58368K, used 8439K [0x0000000080000000, 0x0000000083900000, 0x00000000d5580000)
  object space 58368K, 14% used [0x0000000080000000,0x000000008083dc68,0x0000000083900000)
 Metaspace       used 22861K, capacity 23206K, committed 23424K, reserved 1071104K
  class space    used 2521K, capacity 2662K, committed 2688K, reserved 1048576K
Event: 7.438 GC heap after
Heap after GC invocations=12 (full 1):
 PSYoungGen      total 49664K, used 2485K [0x00000000d5580000, 0x00000000d9b80000, 0x0000000100000000)
  eden space 41472K, 0% used [0x00000000d5580000,0x00000000d5580000,0x00000000d7e00000)
  from space 8192K, 30% used [0x00000000d7e00000,0x00000000d806d560,0x00000000d8600000)
  to   space 8192K, 0% used [0x00000000d9380000,0x00000000d9380000,0x00000000d9b80000)
 ParOldGen       total 58368K, used 8719K [0x0000000080000000, 0x0000000083900000, 0x00000000d5580000)
  object space 58368K, 14% used [0x0000000080000000,0x0000000080883cc8,0x0000000083900000)
 Metaspace       used 22861K, capacity 23206K, committed 23424K, reserved 1071104K
  class space    used 2521K, capacity 2662K, committed 2688K, reserved 1048576K
}
Event: 7.897 GC heap before
{Heap before GC invocations=13 (full 1):
 PSYoungGen      total 49664K, used 43957K [0x00000000d5580000, 0x00000000d9b80000, 0x0000000100000000)
  eden space 41472K, 100% used [0x00000000d5580000,0x00000000d7e00000,0x00000000d7e00000)
  from space 8192K, 30% used [0x00000000d7e00000,0x00000000d806d560,0x00000000d8600000)
  to   space 8192K, 0% used [0x00000000d9380000,0x00000000d9380000,0x00000000d9b80000)
 ParOldGen       total 58368K, used 8719K [0x0000000080000000, 0x0000000083900000, 0x00000000d5580000)
  object space 58368K, 14% used [0x0000000080000000,0x0000000080883cc8,0x0000000083900000)
 Metaspace       used 23058K, capacity 23398K, committed 23680K, reserved 1071104K
  class space    used 2527K, capacity 2662K, committed 2688K, reserved 1048576K
Event: 7.902 GC heap after
Heap after GC invocations=13 (full 1):
 PSYoungGen      total 63488K, used 257K [0x00000000d5580000, 0x00000000d9b80000, 0x0000000100000000)
  eden space 55296K, 0% used [0x00000000d5580000,0x00000000d5580000,0x00000000d8b80000)
  from space 8192K, 3% used [0x00000000d9380000,0x00000000d93c05d0,0x00000000d9b80000)
  to   space 8192K, 0% used [0x00000000d8b80000,0x00000000d8b80000,0x00000000d9380000)
 ParOldGen       total 58368K, used 11022K [0x0000000080000000, 0x0000000083900000, 0x00000000d5580000)
  object space 58368K, 18% used [0x0000000080000000,0x0000000080ac3a20,0x0000000083900000)
 Metaspace       used 23058K, capacity 23398K, committed 23680K, reserved 1071104K
  class space    used 2527K, capacity 2662K, committed 2688K, reserved 1048576K
}
Event: 8.576 GC heap before
{Heap before GC invocations=14 (full 1):
 PSYoungGen      total 63488K, used 55553K [0x00000000d5580000, 0x00000000d9b80000, 0x0000000100000000)
  eden space 55296K, 100% used [0x00000000d5580000,0x00000000d8b80000,0x00000000d8b80000)
  from space 8192K, 3% used [0x00000000d9380000,0x00000000d93c05d0,0x00000000d9b80000)
  to   space 8192K, 0% used [0x00000000d8b80000,0x00000000d8b80000,0x00000000d9380000)
 ParOldGen       total 58368K, used 11022K [0x0000000080000000, 0x0000000083900000, 0x00000000d5580000)
  object space 58368K, 18% used [0x0000000080000000,0x0000000080ac3a20,0x0000000083900000)
 Metaspace       used 23302K, capacity 23700K, committed 24064K, reserved 1071104K
  class space    used 2545K, capacity 2696K, committed 2816K, reserved 1048576K
Event: 8.581 GC heap after
Heap after GC invocations=14 (full 1):
 PSYoungGen      total 63488K, used 2944K [0x00000000d5580000, 0x00000000dac80000, 0x0000000100000000)
  eden space 55296K, 0% used [0x00000000d5580000,0x00000000d5580000,0x00000000d8b80000)
  from space 8192K, 35% used [0x00000000d8b80000,0x00000000d8e60000,0x00000000d9380000)
  to   space 8192K, 0% used [0x00000000da480000,0x00000000da480000,0x00000000dac80000)
 ParOldGen       total 58368K, used 11070K [0x0000000080000000, 0x0000000083900000, 0x00000000d5580000)
  object space 58368K, 18% used [0x0000000080000000,0x0000000080acfa20,0x0000000083900000)
 Metaspace       used 23302K, capacity 23700K, committed 24064K, reserved 1071104K
  class space    used 2545K, capacity 2696K, committed 2816K, reserved 1048576K
}
Event: 9.448 GC heap before
{Heap before GC invocations=15 (full 1):
 PSYoungGen      total 63488K, used 58240K [0x00000000d5580000, 0x00000000dac80000, 0x0000000100000000)
  eden space 55296K, 100% used [0x00000000d5580000,0x00000000d8b80000,0x00000000d8b80000)
  from space 8192K, 35% used [0x00000000d8b80000,0x00000000d8e60000,0x00000000d9380000)
  to   space 8192K, 0% used [0x00000000da480000,0x00000000da480000,0x00000000dac80000)
 ParOldGen       total 58368K, used 11070K [0x0000000080000000, 0x0000000083900000, 0x00000000d5580000)
  object space 58368K, 18% used [0x0000000080000000,0x0000000080acfa20,0x0000000083900000)
 Metaspace       used 25041K, capacity 25460K, committed 25856K, reserved 1073152K
  class space    used 2820K, capacity 2963K, committed 3072K, reserved 1048576K
Event: 9.462 GC heap after
Heap after GC invocations=15 (full 1):
 PSYoungGen      total 81408K, used 3390K [0x00000000d5580000, 0x00000000dad00000, 0x0000000100000000)
  eden space 73216K, 0% used [0x00000000d5580000,0x00000000d5580000,0x00000000d9d00000)
  from space 8192K, 41% used [0x00000000da480000,0x00000000da7cf970,0x00000000dac80000)
  to   space 7680K, 0% used [0x00000000d9d00000,0x00000000d9d00000,0x00000000da480000)
 ParOldGen       total 58368K, used 13846K [0x0000000080000000, 0x0000000083900000, 0x00000000d5580000)
  object space 58368K, 23% used [0x0000000080000000,0x0000000080d85808,0x0000000083900000)
 Metaspace       used 25041K, capacity 25460K, committed 25856K, reserved 1073152K
  class space    used 2820K, capacity 2963K, committed 3072K, reserved 1048576K
}

