# JRE version: OpenJDK Runtime Environment (Zulu 8.68.0.21-CA-win64) (8.0_362-b09) (build 1.8.0_362-b09)
# Java VM: OpenJDK 64-Bit Server VM (25.362-b09 mixed mode windows-amd64 compressed oops)
Heap:
 PSYoungGen      total 112128K, used 17053K [0x00000000d5580000, 0x00000000dd100000, 0x0000000100000000)
  eden space 103936K, 8% used [0x00000000d5580000,0x00000000d5e28140,0x00000000dbb00000)
  from space 8192K, 99% used [0x00000000dc580000,0x00000000dcd7f660,0x00000000dcd80000)
  to   space 10752K, 0% used [0x00000000dbb00000,0x00000000dbb00000,0x00000000dc580000)
 ParOldGen       total 59904K, used 12840K [0x0000000080000000, 0x0000000083a80000, 0x00000000d5580000)
  object space 59904K, 21% used [0x0000000080000000,0x0000000080c8a1c0,0x0000000083a80000)
 Metaspace       used 29304K, capacity 30146K, committed 30336K, reserved 1075200K
  class space    used 3441K, capacity 3676K, committed 3712K, reserved 1048576K
GC Heap History (10 events):
Event: 6.462 GC heap before
{Heap before GC invocations=9 (full 1):
 PSYoungGen      total 71168K, used 4310K [0x00000000d5580000, 0x00000000da280000, 0x0000000100000000)
  eden space 63488K, 0% used [0x00000000d5580000,0x00000000d5580000,0x00000000d9380000)
  from space 7680K, 56% used [0x00000000d9b00000,0x00000000d9f358a8,0x00000000da280000)
  to   space 7680K, 0% used [0x00000000d9380000,0x00000000d9380000,0x00000000d9b00000)
 ParOldGen       total 87552K, used 5808K [0x0000000080000000, 0x0000000085580000, 0x00000000d5580000)
  object space 87552K, 6% used [0x0000000080000000,0x00000000805ac1a0,0x0000000085580000)
 Metaspace       used 20825K, capacity 21092K, committed 21296K, reserved 1069056K
  class space    used 2304K, capacity 2432K, committed 2432K, reserved 1048576K
Event: 6.537 GC heap after
Heap after GC invocations=9 (full 1):
 PSYoungGen      total 71168K, used 0K [0x00000000d5580000, 0x00000000da280000, 0x0000000100000000)
  eden space 63488K, 0% used [0x00000000d5580000,0x00000000d5580000,0x00000000d9380000)
  from space 7680K, 0% used [0x00000000d9b00000,0x00000000d9b00000,0x00000000da280000)
  to   space 7680K, 0% used [0x00000000d9380000,0x00000000d9380000,0x00000000d9b00000)
 ParOldGen       total 59904K, used 8443K [0x0000000080000000, 0x0000000083a80000, 0x00000000d5580000)
  object space 59904K, 14% used [0x0000000080000000,0x000000008083ef48,0x0000000083a80000)
 Metaspace       used 20825K, capacity 21092K, committed 21296K, reserved 1069056K
  class space    used 2304K, capacity 2432K, committed 2432K, reserved 1048576K
}
Event: 7.458 GC heap before
{Heap before GC invocations=10 (full 1):
 PSYoungGen      total 71168K, used 63488K [0x00000000d5580000, 0x00000000da280000, 0x0000000100000000)
  eden space 63488K, 100% used [0x00000000d5580000,0x00000000d9380000,0x00000000d9380000)
  from space 7680K, 0% used [0x00000000d9b00000,0x00000000d9b00000,0x00000000da280000)
  to   space 7680K, 0% used [0x00000000d9380000,0x00000000d9380000,0x00000000d9b00000)
 ParOldGen       total 59904K, used 8443K [0x0000000080000000, 0x0000000083a80000, 0x00000000d5580000)
  object space 59904K, 14% used [0x0000000080000000,0x000000008083ef48,0x0000000083a80000)
 Metaspace       used 22449K, capacity 22752K, committed 23088K, reserved 1069056K
  class space    used 2495K, capacity 2642K, committed 2688K, reserved 1048576K
Event: 7.462 GC heap after
Heap after GC invocations=10 (full 1):
 PSYoungGen      total 71168K, used 2010K [0x00000000d5580000, 0x00000000db580000, 0x0000000100000000)
  eden space 63488K, 0% used [0x00000000d5580000,0x00000000d5580000,0x00000000d9380000)
  from space 7680K, 26% used [0x00000000d9380000,0x00000000d9576ab8,0x00000000d9b00000)
  to   space 7680K, 0% used [0x00000000dae00000,0x00000000dae00000,0x00000000db580000)
 ParOldGen       total 59904K, used 8451K [0x0000000080000000, 0x0000000083a80000, 0x00000000d5580000)
  object space 59904K, 14% used [0x0000000080000000,0x0000000080840f48,0x0000000083a80000)
 Metaspace       used 22449K, capacity 22752K, committed 23088K, reserved 1069056K
  class space    used 2495K, capacity 2642K, committed 2688K, reserved 1048576K
}
Event: 8.170 GC heap before
{Heap before GC invocations=11 (full 1):
 PSYoungGen      total 71168K, used 65498K [0x00000000d5580000, 0x00000000db580000, 0x0000000100000000)
  eden space 63488K, 100% used [0x00000000d5580000,0x00000000d9380000,0x00000000d9380000)
  from space 7680K, 26% used [0x00000000d9380000,0x00000000d9576ab8,0x00000000d9b00000)
  to   space 7680K, 0% used [0x00000000dae00000,0x00000000dae00000,0x00000000db580000)
 ParOldGen       total 59904K, used 8451K [0x0000000080000000, 0x0000000083a80000, 0x00000000d5580000)
  object space 59904K, 14% used [0x0000000080000000,0x0000000080840f48,0x0000000083a80000)
 Metaspace       used 22915K, capacity 23258K, committed 23680K, reserved 1071104K
  class space    used 2527K, capacity 2658K, committed 2688K, reserved 1048576K
Event: 8.174 GC heap after
Heap after GC invocations=11 (full 1):
 PSYoungGen      total 87552K, used 2811K [0x00000000d5580000, 0x00000000db400000, 0x0000000100000000)
  eden space 81408K, 0% used [0x00000000d5580000,0x00000000d5580000,0x00000000da500000)
  from space 6144K, 45% used [0x00000000dae00000,0x00000000db0bef08,0x00000000db400000)
  to   space 7680K, 0% used [0x00000000da500000,0x00000000da500000,0x00000000dac80000)
 ParOldGen       total 59904K, used 8451K [0x0000000080000000, 0x0000000083a80000, 0x00000000d5580000)
  object space 59904K, 14% used [0x0000000080000000,0x0000000080840f48,0x0000000083a80000)
 Metaspace       used 22915K, capacity 23258K, committed 23680K, reserved 1071104K
  class space    used 2527K, capacity 2658K, committed 2688K, reserved 1048576K
}
Event: 9.042 GC heap before
{Heap before GC invocations=12 (full 1):
 PSYoungGen      total 87552K, used 84219K [0x00000000d5580000, 0x00000000db400000, 0x0000000100000000)
  eden space 81408K, 100% used [0x00000000d5580000,0x00000000da500000,0x00000000da500000)
  from space 6144K, 45% used [0x00000000dae00000,0x00000000db0bef08,0x00000000db400000)
  to   space 7680K, 0% used [0x00000000da500000,0x00000000da500000,0x00000000dac80000)
 ParOldGen       total 59904K, used 8451K [0x0000000080000000, 0x0000000083a80000, 0x00000000d5580000)
  object space 59904K, 14% used [0x0000000080000000,0x0000000080840f48,0x0000000083a80000)
 Metaspace       used 23364K, capacity 23706K, committed 24064K, reserved 1071104K
  class space    used 2559K, capacity 2698K, committed 2816K, reserved 1048576K
Event: 9.057 GC heap after
Heap after GC invocations=12 (full 1):
 PSYoungGen      total 89088K, used 6429K [0x00000000d5580000, 0x00000000dcd80000, 0x0000000100000000)
  eden space 81408K, 0% used [0x00000000d5580000,0x00000000d5580000,0x00000000da500000)
  from space 7680K, 83% used [0x00000000da500000,0x00000000dab477b0,0x00000000dac80000)
  to   space 8192K, 0% used [0x00000000dc580000,0x00000000dc580000,0x00000000dcd80000)
 ParOldGen       total 59904K, used 8459K [0x0000000080000000, 0x0000000083a80000, 0x00000000d5580000)
  object space 59904K, 14% used [0x0000000080000000,0x0000000080842f48,0x0000000083a80000)
 Metaspace       used 23364K, capacity 23706K, committed 24064K, reserved 1071104K
  class space    used 2559K, capacity 2698K, committed 2816K, reserved 1048576K
}
Event: 11.916 GC heap before
{Heap before GC invocations=13 (full 1):
 PSYoungGen      total 89088K, used 87837K [0x00000000d5580000, 0x00000000dcd80000, 0x0000000100000000)
  eden space 81408K, 100% used [0x00000000d5580000,0x00000000da500000,0x00000000da500000)
  from space 7680K, 83% used [0x00000000da500000,0x00000000dab477b0,0x00000000dac80000)
  to   space 8192K, 0% used [0x00000000dc580000,0x00000000dc580000,0x00000000dcd80000)
 ParOldGen       total 59904K, used 8459K [0x0000000080000000, 0x0000000083a80000, 0x00000000d5580000)
  object space 59904K, 14% used [0x0000000080000000,0x0000000080842f48,0x0000000083a80000)
 Metaspace       used 28562K, capacity 29258K, committed 29440K, reserved 1075200K
  class space    used 3319K, capacity 3546K, committed 3584K, reserved 1048576K
Event: 11.934 GC heap after
Heap after GC invocations=13 (full 1):
 PSYoungGen      total 112128K, used 8189K [0x00000000d5580000, 0x00000000dd100000, 0x0000000100000000)
  eden space 103936K, 0% used [0x00000000d5580000,0x00000000d5580000,0x00000000dbb00000)
  from space 8192K, 99% used [0x00000000dc580000,0x00000000dcd7f660,0x00000000dcd80000)
  to   space 10752K, 0% used [0x00000000dbb00000,0x00000000dbb00000,0x00000000dc580000)
 ParOldGen       total 59904K, used 12840K [0x0000000080000000, 0x0000000083a80000, 0x00000000d5580000)
  object space 59904K, 21% used [0x0000000080000000,0x0000000080c8a1c0,0x0000000083a80000)
 Metaspace       used 28562K, capacity 29258K, committed 29440K, reserved 1075200K
  class space    used 3319K, capacity 3546K, committed 3584K, reserved 1048576K
}

