# JRE version: OpenJDK Runtime Environment (Zulu 8.68.0.21-CA-win64) (8.0_362-b09) (build 1.8.0_362-b09)
# Java VM: OpenJDK 64-Bit Server VM (25.362-b09 mixed mode windows-amd64 compressed oops)
Heap:
 PSYoungGen      total 133120K, used 62144K [0x00000000d5580000, 0x00000000de580000, 0x0000000100000000)
  eden space 124928K, 47% used [0x00000000d5580000,0x00000000d8f5a5a0,0x00000000dcf80000)
  from space 8192K, 35% used [0x00000000dcf80000,0x00000000dd255b30,0x00000000dd780000)
  to   space 8192K, 0% used [0x00000000ddd80000,0x00000000ddd80000,0x00000000de580000)
 ParOldGen       total 59904K, used 9893K [0x0000000080000000, 0x0000000083a80000, 0x00000000d5580000)
  object space 59904K, 16% used [0x0000000080000000,0x00000000809a9738,0x0000000083a80000)
 Metaspace       used 24024K, capacity 24410K, committed 24704K, reserved 1071104K
  class space    used 2680K, capacity 2826K, committed 2944K, reserved 1048576K
GC Heap History (10 events):
Event: 4.585 GC heap before
{Heap before GC invocations=6 (full 0):
 PSYoungGen      total 38400K, used 38381K [0x00000000d5580000, 0x00000000da380000, 0x0000000100000000)
  eden space 33280K, 100% used [0x00000000d5580000,0x00000000d7600000,0x00000000d7600000)
  from space 5120K, 99% used [0x00000000d7600000,0x00000000d7afb660,0x00000000d7b00000)
  to   space 6656K, 0% used [0x00000000d9d00000,0x00000000d9d00000,0x00000000da380000)
 ParOldGen       total 87552K, used 1532K [0x0000000080000000, 0x0000000085580000, 0x00000000d5580000)
  object space 87552K, 1% used [0x0000000080000000,0x000000008017f318,0x0000000085580000)
 Metaspace       used 17348K, capacity 17606K, committed 17920K, reserved 1064960K
  class space    used 1850K, capacity 1953K, committed 2048K, reserved 1048576K
Event: 4.592 GC heap after
Heap after GC invocations=6 (full 0):
 PSYoungGen      total 72192K, used 6653K [0x00000000d5580000, 0x00000000da580000, 0x0000000100000000)
  eden space 65536K, 0% used [0x00000000d5580000,0x00000000d5580000,0x00000000d9580000)
  from space 6656K, 99% used [0x00000000d9d00000,0x00000000da37f5b8,0x00000000da380000)
  to   space 7680K, 0% used [0x00000000d9580000,0x00000000d9580000,0x00000000d9d00000)
 ParOldGen       total 87552K, used 2290K [0x0000000080000000, 0x0000000085580000, 0x00000000d5580000)
  object space 87552K, 2% used [0x0000000080000000,0x000000008023c9c8,0x0000000085580000)
 Metaspace       used 17348K, capacity 17606K, committed 17920K, reserved 1064960K
  class space    used 1850K, capacity 1953K, committed 2048K, reserved 1048576K
}
Event: 5.630 GC heap before
{Heap before GC invocations=7 (full 0):
 PSYoungGen      total 72192K, used 70417K [0x00000000d5580000, 0x00000000da580000, 0x0000000100000000)
  eden space 65536K, 97% used [0x00000000d5580000,0x00000000d93c5088,0x00000000d9580000)
  from space 6656K, 99% used [0x00000000d9d00000,0x00000000da37f5b8,0x00000000da380000)
  to   space 7680K, 0% used [0x00000000d9580000,0x00000000d9580000,0x00000000d9d00000)
 ParOldGen       total 87552K, used 2290K [0x0000000080000000, 0x0000000085580000, 0x00000000d5580000)
  object space 87552K, 2% used [0x0000000080000000,0x000000008023c9c8,0x0000000085580000)
 Metaspace       used 20803K, capacity 21092K, committed 21296K, reserved 1069056K
  class space    used 2305K, capacity 2432K, committed 2432K, reserved 1048576K
Event: 5.644 GC heap after
Heap after GC invocations=7 (full 0):
 PSYoungGen      total 73216K, used 6244K [0x00000000d5580000, 0x00000000de480000, 0x0000000100000000)
  eden space 65536K, 0% used [0x00000000d5580000,0x00000000d5580000,0x00000000d9580000)
  from space 7680K, 81% used [0x00000000d9580000,0x00000000d9b991e8,0x00000000d9d00000)
  to   space 7680K, 0% used [0x00000000ddd00000,0x00000000ddd00000,0x00000000de480000)
 ParOldGen       total 87552K, used 5757K [0x0000000080000000, 0x0000000085580000, 0x00000000d5580000)
  object space 87552K, 6% used [0x0000000080000000,0x000000008059f490,0x0000000085580000)
 Metaspace       used 20803K, capacity 21092K, committed 21296K, reserved 1069056K
  class space    used 2305K, capacity 2432K, committed 2432K, reserved 1048576K
}
Event: 5.644 GC heap before
{Heap before GC invocations=8 (full 1):
 PSYoungGen      total 73216K, used 6244K [0x00000000d5580000, 0x00000000de480000, 0x0000000100000000)
  eden space 65536K, 0% used [0x00000000d5580000,0x00000000d5580000,0x00000000d9580000)
  from space 7680K, 81% used [0x00000000d9580000,0x00000000d9b991e8,0x00000000d9d00000)
  to   space 7680K, 0% used [0x00000000ddd00000,0x00000000ddd00000,0x00000000de480000)
 ParOldGen       total 87552K, used 5757K [0x0000000080000000, 0x0000000085580000, 0x00000000d5580000)
  object space 87552K, 6% used [0x0000000080000000,0x000000008059f490,0x0000000085580000)
 Metaspace       used 20803K, capacity 21092K, committed 21296K, reserved 1069056K
  class space    used 2305K, capacity 2432K, committed 2432K, reserved 1048576K
Event: 5.690 GC heap after
Heap after GC invocations=8 (full 1):
 PSYoungGen      total 73216K, used 0K [0x00000000d5580000, 0x00000000de480000, 0x0000000100000000)
  eden space 65536K, 0% used [0x00000000d5580000,0x00000000d5580000,0x00000000d9580000)
  from space 7680K, 0% used [0x00000000d9580000,0x00000000d9580000,0x00000000d9d00000)
  to   space 7680K, 0% used [0x00000000ddd00000,0x00000000ddd00000,0x00000000de480000)
 ParOldGen       total 59904K, used 9885K [0x0000000080000000, 0x0000000083a80000, 0x00000000d5580000)
  object space 59904K, 16% used [0x0000000080000000,0x00000000809a7738,0x0000000083a80000)
 Metaspace       used 20803K, capacity 21092K, committed 21296K, reserved 1069056K
  class space    used 2305K, capacity 2432K, committed 2432K, reserved 1048576K
}
Event: 6.724 GC heap before
{Heap before GC invocations=9 (full 1):
 PSYoungGen      total 73216K, used 65536K [0x00000000d5580000, 0x00000000de480000, 0x0000000100000000)
  eden space 65536K, 100% used [0x00000000d5580000,0x00000000d9580000,0x00000000d9580000)
  from space 7680K, 0% used [0x00000000d9580000,0x00000000d9580000,0x00000000d9d00000)
  to   space 7680K, 0% used [0x00000000ddd00000,0x00000000ddd00000,0x00000000de480000)
 ParOldGen       total 59904K, used 9885K [0x0000000080000000, 0x0000000083a80000, 0x00000000d5580000)
  object space 59904K, 16% used [0x0000000080000000,0x00000000809a7738,0x0000000083a80000)
 Metaspace       used 22443K, capacity 22764K, committed 23088K, reserved 1069056K
  class space    used 2498K, capacity 2646K, committed 2688K, reserved 1048576K
Event: 6.727 GC heap after
Heap after GC invocations=9 (full 1):
 PSYoungGen      total 103424K, used 2074K [0x00000000d5580000, 0x00000000ddf80000, 0x0000000100000000)
  eden space 100864K, 0% used [0x00000000d5580000,0x00000000d5580000,0x00000000db800000)
  from space 2560K, 81% used [0x00000000ddd00000,0x00000000ddf06ab8,0x00000000ddf80000)
  to   space 8192K, 0% used [0x00000000dcf80000,0x00000000dcf80000,0x00000000dd780000)
 ParOldGen       total 59904K, used 9893K [0x0000000080000000, 0x0000000083a80000, 0x00000000d5580000)
  object space 59904K, 16% used [0x0000000080000000,0x00000000809a9738,0x0000000083a80000)
 Metaspace       used 22443K, capacity 22764K, committed 23088K, reserved 1069056K
  class space    used 2498K, capacity 2646K, committed 2688K, reserved 1048576K
}
Event: 8.063 GC heap before
{Heap before GC invocations=10 (full 1):
 PSYoungGen      total 103424K, used 102938K [0x00000000d5580000, 0x00000000ddf80000, 0x0000000100000000)
  eden space 100864K, 100% used [0x00000000d5580000,0x00000000db800000,0x00000000db800000)
  from space 2560K, 81% used [0x00000000ddd00000,0x00000000ddf06ab8,0x00000000ddf80000)
  to   space 8192K, 0% used [0x00000000dcf80000,0x00000000dcf80000,0x00000000dd780000)
 ParOldGen       total 59904K, used 9893K [0x0000000080000000, 0x0000000083a80000, 0x00000000d5580000)
  object space 59904K, 16% used [0x0000000080000000,0x00000000809a9738,0x0000000083a80000)
 Metaspace       used 23048K, capacity 23418K, committed 23808K, reserved 1071104K
  class space    used 2531K, capacity 2690K, committed 2816K, reserved 1048576K
Event: 8.068 GC heap after
Heap after GC invocations=10 (full 1):
 PSYoungGen      total 133120K, used 2902K [0x00000000d5580000, 0x00000000de580000, 0x0000000100000000)
  eden space 124928K, 0% used [0x00000000d5580000,0x00000000d5580000,0x00000000dcf80000)
  from space 8192K, 35% used [0x00000000dcf80000,0x00000000dd255b30,0x00000000dd780000)
  to   space 8192K, 0% used [0x00000000ddd80000,0x00000000ddd80000,0x00000000de580000)
 ParOldGen       total 59904K, used 9893K [0x0000000080000000, 0x0000000083a80000, 0x00000000d5580000)
  object space 59904K, 16% used [0x0000000080000000,0x00000000809a9738,0x0000000083a80000)
 Metaspace       used 23048K, capacity 23418K, committed 23808K, reserved 1071104K
  class space    used 2531K, capacity 2690K, committed 2816K, reserved 1048576K
}

